[2016-09-05 14:52:05] START
[2016-09-05 14:52:05] EDIT adminwebpro/controllers/ordencobro.py: -1
[2016-09-05 14:52:11] EDIT adminwebpro/controllers/ordencobro.py: 0
[2016-09-05 14:54:46] EDIT adminwebpro/views/ordencobro/reportes_cobros-html.html: 2
[2016-09-05 14:55:33] EDIT adminwebpro/views/ordencobro/reportes_cobros-html.html: 0
[2016-09-05 14:58:50] DELETE adminwebpro/views/ordencobro/reportes_cobros-html.html: -4
[2016-09-05 14:59:43] CREATE ordencobro/reporte_cobros.html: 0
[2016-09-05 15:00:33] EDIT adminwebpro/views/ordencobro/reporte_cobros.html: -1
[2016-09-05 15:01:46] EDIT adminwebpro/views/ordencobro/reporte_cobros.html: 2
[2016-09-05 15:02:16] EDIT adminwebpro/views/ordencobro/reporte_cobros.html: 0
[2016-09-05 15:03:14] EDIT adminwebpro/views/ordencobro/reporte_cobros.html: 0
[2016-09-05 15:05:02] EDIT adminwebpro/views/ordencobro/reporte_cobros.html: 0
[2016-09-05 15:09:28] EDIT adminwebpro/views/ordencobro/reporte_cobros.html: 15
[2016-09-05 15:10:23] EDIT adminwebpro/views/ordencobro/reporte_cobros.html: 0
[2016-09-05 15:10:51] EDIT adminwebpro/views/ordencobro/reporte_cobros.html: 0
[2016-09-05 15:17:51] EDIT adminwebpro/controllers/ordencobro.py: 0
[2016-09-05 15:21:28] EDIT adminwebpro/controllers/ordencobro.py: 0
[2016-09-05 15:22:31] EDIT adminwebpro/views/ordencobro/reporte_cobros.html: 0
[2016-09-05 15:23:32] EDIT adminwebpro/views/ordencobro/reporte_cobros.html: 0
[2016-09-05 15:24:05] EDIT adminwebpro/views/ordencobro/reporte_cobros.html: 0
[2016-09-05 15:26:34] EDIT adminwebpro/views/ordencobro/reporte_cobros.html: 0
[2016-09-05 15:28:24] EDIT adminwebpro/controllers/ordencobro.py: 0
[2016-09-05 15:28:25] EDIT adminwebpro/controllers/ordencobro.py: 0
[2016-09-05 15:29:06] EDIT adminwebpro/views/ordencobro/reporte_cobros.html: 0
[2016-09-05 15:29:33] EDIT adminwebpro/views/ordencobro/reporte_cobros.html: 0
[2016-09-05 15:30:37] EDIT adminwebpro/views/ordencobro/reporte_cobros.html: 0
[2016-09-05 15:31:07] EDIT adminwebpro/views/ordencobro/reporte_cobros.html: 0
[2016-09-05 15:44:33] EDIT adminwebpro/views/ordencobro/reporte_cobros.html: 0
[2016-09-05 15:59:14] DELETE adminwebpro/views/ordencobro/reporte_cobros.html.1: -19
[2016-09-05 16:01:31] EDIT adminwebpro/views/ordencobro/reporte_cobros.html: 0
[2016-09-05 16:02:23] EDIT adminwebpro/views/ordencobro/reporte_cobros.html: 0
[2016-09-05 16:02:32] EDIT adminwebpro/views/ordencobro/reporte_cobros.html: 0
[2016-09-05 16:03:13] EDIT adminwebpro/views/ordencobro/reporte_cobros.html: 0
[2016-09-05 16:03:47] EDIT adminwebpro/views/ordencobro/reporte_cobros.html: 0
[2016-09-05 16:04:01] EDIT adminwebpro/views/ordencobro/reporte_cobros.html: 0
[2016-09-05 21:29:03] CREATE sueldos/reportes_empleados2.html: 0
[2016-09-05 21:39:18] EDIT adminwebpro/views/sueldos/reportes_empleados2.html: 27
[2016-09-05 21:40:30] EDIT adminwebpro/controllers/sueldos.py: 2
[2016-09-05 21:42:20] EDIT adminwebpro/views/sueldos/reportes_empleados2.html: 0
[2016-09-05 21:44:31] EDIT adminwebpro/views/sueldos/reportes_empleados.html: 3
[2016-09-05 21:51:27] EDIT adminwebpro/views/sueldos/reportes_empleados.html: 0
[2016-09-06 20:06:11] EDIT adminwebpro/models/menu.py: 0
[2016-09-07 00:23:31] EDIT adminwebpro/models/db_sueldos.py: 13
[2016-09-07 00:31:00] EDIT adminwebpro/models/db_sueldos.py: 0
[2016-09-07 00:41:12] EDIT adminwebpro/models/db_sueldos.py: 1
[2016-09-07 00:43:59] EDIT adminwebpro/models/db_sueldos.py: 1
[2016-09-07 00:46:48] EDIT adminwebpro/models/db_sueldos.py: 0
[2016-09-07 00:49:22] EDIT adminwebpro/models/db_sueldos.py: 1
[2016-09-07 00:55:17] EDIT adminwebpro/models/db_sueldos.py: 0
[2016-09-07 01:07:24] EDIT adminwebpro/models/db_sueldos.py: 2
[2016-09-07 18:35:11] DELETE adminwebpro/views/ventas/borrar.html: -3
[2016-09-07 18:38:27] EDIT adminwebpro/models/menu.py: 0
[2016-09-07 18:38:45] EDIT adminwebpro/models/menu.py: 0
[2016-09-07 18:52:29] EDIT adminwebpro/models/db_app.py: 0
[2016-09-07 18:56:45] EDIT adminwebpro/models/db_app.py: 0
[2016-09-07 18:57:27] EDIT adminwebpro/views/ventas/vista_previa.html: 0
[2016-09-07 18:58:19] EDIT adminwebpro/views/ventas/abm_ventas.html: 0
[2016-09-07 19:19:34] EDIT adminwebpro/views/ventas/vista_previa.html: 0
[2016-09-07 19:23:08] EDIT adminwebpro/views/ventas/vista_previa.html: 5
[2016-09-07 19:24:30] EDIT adminwebpro/views/ventas/vista_previa.html: 0
[2016-09-07 19:25:37] EDIT adminwebpro/views/ventas/vista_previa.html: 0
[2016-09-07 19:26:10] EDIT adminwebpro/views/ventas/vista_previa.html: 0
[2016-09-07 19:28:39] EDIT adminwebpro/views/ventas/vista_previa.html: 25
[2016-09-07 19:29:13] EDIT adminwebpro/views/ventas/vista_previa.html: 46
[2016-09-07 19:29:53] EDIT adminwebpro/views/ventas/vista_previa.html: 14
[2016-09-07 19:30:18] EDIT adminwebpro/views/ventas/vista_previa.html: 20
[2016-09-07 19:30:52] EDIT adminwebpro/views/ventas/vista_previa.html: 17
[2016-09-07 19:33:20] EDIT adminwebpro/views/ventas/vista_previa.html: -4
[2016-09-07 19:33:49] EDIT adminwebpro/views/ventas/vista_previa.html: 1
[2016-09-07 19:42:02] EDIT adminwebpro/views/ventas/vista_previa.html: -3
[2016-09-07 19:46:13] EDIT adminwebpro/views/ventas/vista_previa.html: 0
[2016-09-07 19:48:13] EDIT adminwebpro/views/ventas/vista_previa.html: 0
[2016-09-07 19:50:46] EDIT adminwebpro/views/ventas/vista_previa.html: 0
[2016-09-07 19:52:06] EDIT adminwebpro/views/ventas/vista_previa.html: 0
[2016-09-07 19:53:52] EDIT adminwebpro/views/ventas/vista_previa.html: 0
[2016-09-07 19:56:26] EDIT adminwebpro/views/ventas/vista_previa.html: -3
[2016-09-07 19:57:27] EDIT adminwebpro/views/ventas/vista_previa.html: -1
[2016-09-07 19:58:27] EDIT adminwebpro/views/ventas/vista_previa.html: -2
[2016-09-07 19:59:09] EDIT adminwebpro/views/ventas/vista_previa.html: 6
[2016-09-07 20:00:06] EDIT adminwebpro/views/ventas/vista_previa.html: 0
[2016-09-07 20:00:50] EDIT adminwebpro/views/ventas/vista_previa.html: 0
[2016-09-07 21:24:40] EDIT adminwebpro/views/ventas/abm_ventas.html: 3
[2016-09-07 21:30:00] EDIT adminwebpro/views/ventas/abm_ventas.html: 32
[2016-09-07 21:31:10] EDIT adminwebpro/views/ventas/abm_ventas.html: -31
[2016-09-07 21:31:28] EDIT adminwebpro/views/ventas/abm_ventas.html: 1
[2016-09-07 21:31:59] EDIT adminwebpro/views/ventas/abm_ventas.html: 0
[2016-09-07 21:32:57] EDIT adminwebpro/views/ventas/abm_ventas.html: 2
[2016-09-12 19:05:20] EDIT adminwebpro/models/menu.py: -1
[2016-09-12 19:20:34] EDIT adminwebpro/controllers/default.py: 0
[2016-09-12 19:22:49] EDIT adminwebpro/controllers/default.py: 0
[2016-09-12 19:25:42] EDIT adminwebpro/views/default/index.html: 0
[2016-09-12 19:28:04] EDIT adminwebpro/views/default/index.html: -5
[2016-09-12 19:30:14] EDIT adminwebpro/views/default/index.html: 0
[2016-09-12 19:32:23] EDIT adminwebpro/controllers/default.py: 0
[2016-09-12 19:35:53] EDIT adminwebpro/views/default/index.html: 0
[2016-09-12 19:35:56] EDIT adminwebpro/controllers/default.py: 0
[2016-09-12 19:41:07] EDIT adminwebpro/views/db_app/abm_cliente.html: 0
[2016-09-12 19:42:19] EDIT adminwebpro/views/db_app/abm_cliente.html: 0
[2016-09-12 19:42:46] EDIT adminwebpro/views/ventas/abm_clientes.html: 0
[2016-09-12 19:50:18] EDIT adminwebpro/models/db_app.py: 0
[2016-09-12 19:51:09] EDIT adminwebpro/models/db_app.py: 0
[2016-09-12 19:52:42] EDIT adminwebpro/models/db_app.py: 0
[2016-09-12 19:55:31] EDIT adminwebpro/models/db_app.py: 0
[2016-09-12 19:56:28] EDIT adminwebpro/models/db_app.py: 1
[2016-09-12 20:16:00] EDIT adminwebpro/views/ventas/abm_ventas.html: 6
[2016-09-12 20:16:52] EDIT adminwebpro/views/ventas/abm_ventas.html: 0
[2016-09-12 20:17:12] EDIT adminwebpro/views/ventas/abm_ventas.html: 0
[2016-09-12 20:17:41] EDIT adminwebpro/views/ventas/abm_ventas.html: 1
[2016-09-12 20:17:56] EDIT adminwebpro/views/ventas/abm_ventas.html: 0
[2016-09-12 20:18:36] EDIT adminwebpro/views/ventas/abm_ventas.html: 0
[2016-09-12 20:20:33] EDIT adminwebpro/views/ventas/abm_ventas.html: 2
[2016-09-12 20:21:02] EDIT adminwebpro/views/ventas/abm_ventas.html: 0
[2016-09-12 20:21:37] EDIT adminwebpro/views/ventas/abm_ventas.html: 0
[2016-09-12 20:22:07] EDIT adminwebpro/views/ventas/abm_ventas.html: 0
[2016-09-12 21:12:53] EDIT adminwebpro/views/ventas/vista_previa.html: -23
[2016-09-12 21:13:48] EDIT adminwebpro/views/ventas/vista_previa.html: 0
[2016-09-12 21:14:22] EDIT adminwebpro/views/ventas/vista_previa.html: -3
[2016-09-12 21:15:03] EDIT adminwebpro/views/ventas/vista_previa.html: 0
[2016-09-12 21:15:30] EDIT adminwebpro/views/ventas/vista_previa.html: 1
[2016-09-12 21:16:07] EDIT adminwebpro/views/ventas/vista_previa.html: 0
[2016-09-12 21:23:01] EDIT adminwebpro/views/ventas/vista_previa.html: -4
[2016-09-12 21:24:02] EDIT adminwebpro/views/ventas/vista_previa.html: 4
[2016-09-12 21:25:09] EDIT adminwebpro/views/ventas/vista_previa.html: -5
[2016-09-12 21:28:03] EDIT adminwebpro/views/ventas/vista_previa.html: -1
[2016-09-12 21:29:06] EDIT adminwebpro/views/ventas/vista_previa.html: 1
[2016-09-12 21:29:57] EDIT adminwebpro/views/ventas/vista_previa.html: 0
[2016-09-12 21:30:23] EDIT adminwebpro/views/ventas/vista_previa.html: 0
[2016-09-12 21:36:17] EDIT adminwebpro/views/ventas/vista_previa.html: -5
[2016-09-12 21:36:51] EDIT adminwebpro/views/ventas/vista_previa.html: 0
[2016-09-12 21:37:28] EDIT adminwebpro/views/ventas/vista_previa.html: 0
[2016-09-12 21:40:44] EDIT adminwebpro/views/ventas/vista_previa.html: 0
[2016-09-12 21:42:35] EDIT adminwebpro/views/ventas/vista_previa.html: 0
[2016-09-12 21:43:56] EDIT adminwebpro/views/ventas/vista_previa.html: 1
[2016-09-12 21:50:05] EDIT adminwebpro/views/ventas/vista_previa.html: 2
[2016-09-12 21:52:21] EDIT adminwebpro/views/ventas/vista_previa.html: 1
[2016-09-14 18:23:30] EDIT adminwebpro/views/ventas/detalle_ventas.html: 2
[2016-09-14 18:25:53] EDIT adminwebpro/views/ventas/detalle_ventas.html: 6
[2016-09-14 18:33:52] EDIT adminwebpro/views/ventas/detalle_ventas.html: 1
[2016-09-14 18:34:26] EDIT adminwebpro/views/ventas/detalle_ventas.html: 1
[2016-09-14 18:38:32] EDIT adminwebpro/controllers/ventas.py: 0
[2016-09-14 18:39:12] CREATE ventas/borrar_item.html: 0
[2016-09-14 18:43:20] EDIT adminwebpro/views/ventas/borrar_item.html: 1
[2016-09-14 18:44:16] EDIT adminwebpro/views/ventas/borrar_item.html: 0
[2016-09-14 18:45:17] EDIT adminwebpro/views/ventas/borrar_item.html: 0
[2016-09-14 18:45:48] EDIT adminwebpro/views/ventas/borrar_item.html: 0
[2016-09-14 18:51:02] EDIT adminwebpro/views/ventas/detalle_ventas.html: 0
[2016-09-14 18:52:52] EDIT adminwebpro/views/ventas/detalle_ventas.html: 0
[2016-09-14 18:54:28] EDIT adminwebpro/views/ventas/detalle_ventas.html: 1
[2016-09-14 18:55:02] EDIT adminwebpro/views/ventas/detalle_ventas.html: -1
[2016-09-14 18:55:33] EDIT adminwebpro/views/ventas/detalle_ventas.html: 1
[2016-09-14 18:59:56] EDIT adminwebpro/views/ventas/detalle_ventas.html: -1
[2016-09-14 19:01:35] EDIT adminwebpro/controllers/ventas.py: 0
[2016-09-14 19:02:11] EDIT adminwebpro/controllers/ventas.py: 0
[2016-09-14 19:02:27] EDIT adminwebpro/controllers/ventas.py: 0
[2016-09-14 19:02:41] EDIT adminwebpro/controllers/ventas.py: 0
[2016-09-14 19:03:46] EDIT adminwebpro/controllers/ventas.py: 0
[2016-09-14 19:04:14] EDIT adminwebpro/controllers/ventas.py: 0
[2016-09-14 19:05:58] EDIT adminwebpro/views/ventas/detalle_ventas.html: 0
[2016-09-14 19:07:28] EDIT adminwebpro/views/ventas/detalle_ventas.html: 0
[2016-09-14 19:08:08] EDIT adminwebpro/views/ventas/detalle_ventas.html: 0
[2016-09-14 19:08:25] EDIT adminwebpro/views/ventas/detalle_ventas.html: 0
[2016-09-14 19:08:52] EDIT adminwebpro/views/ventas/detalle_ventas.html: 0
[2016-09-14 19:09:38] EDIT adminwebpro/views/ventas/detalle_ventas.html: 2
[2016-09-14 19:11:10] EDIT adminwebpro/views/ventas/detalle_ventas.html: -6
[2016-09-14 19:15:56] EDIT adminwebpro/views/ventas/detalle_ventas.html: 0
[2016-09-14 19:19:44] EDIT adminwebpro/views/ventas/detalle_ventas.html: 1
[2016-09-14 19:20:32] EDIT adminwebpro/views/ventas/detalle_ventas.html: 3
[2016-09-14 19:24:05] EDIT adminwebpro/views/ventas/detalle_ventas.html: 8
[2016-09-14 19:24:56] EDIT adminwebpro/views/ventas/detalle_ventas.html: 1
[2016-09-14 19:25:29] EDIT adminwebpro/views/ventas/detalle_ventas.html: 0
[2016-09-14 19:28:01] EDIT adminwebpro/views/ventas/detalle_ventas.html: 2
[2016-09-14 19:30:19] EDIT adminwebpro/views/ventas/detalle_ventas.html: 0
[2016-09-14 19:37:49] EDIT adminwebpro/views/ventas/detalle_ventas.html: 3
[2016-09-14 19:39:16] EDIT adminwebpro/views/ventas/detalle_ventas.html: -2
[2016-09-14 19:41:01] EDIT adminwebpro/views/ventas/detalle_ventas.html: 0
[2016-09-14 19:45:32] EDIT adminwebpro/views/ventas/detalle_ventas.html: 0
[2016-09-14 19:49:49] EDIT adminwebpro/views/ventas/detalle_ventas.html: 0
[2016-09-14 19:51:10] EDIT adminwebpro/views/ventas/detalle_ventas.html: 0
[2016-09-14 19:52:03] EDIT adminwebpro/views/ventas/detalle_ventas.html: 0
[2016-09-14 19:52:45] EDIT adminwebpro/views/ventas/detalle_ventas.html: 0
[2016-09-14 19:53:52] EDIT adminwebpro/views/ventas/detalle_ventas.html: 1
[2016-09-14 19:55:01] EDIT adminwebpro/views/ventas/detalle_ventas.html: 0
[2016-09-14 19:57:26] EDIT adminwebpro/views/ventas/detalle_ventas.html: 0
[2016-09-14 19:58:37] EDIT adminwebpro/views/ventas/detalle_ventas.html: -1
[2016-09-14 20:00:01] EDIT adminwebpro/views/ventas/detalle_ventas.html: 0
[2016-09-14 20:01:05] EDIT adminwebpro/views/ventas/detalle_ventas.html: 0
[2016-09-14 20:01:22] EDIT adminwebpro/views/ventas/detalle_ventas.html: 0
[2016-09-15 18:22:57] EDIT adminwebpro/views/ventas/detalle_ventas.html: 0
[2016-09-15 18:24:16] EDIT adminwebpro/views/ventas/detalle_ventas.html: -1
[2016-09-15 18:27:28] EDIT adminwebpro/views/ventas/detalle_ventas.html: -12
[2016-09-15 18:30:09] EDIT adminwebpro/views/ventas/detalle_ventas.html: 2
[2016-09-15 18:30:20] EDIT adminwebpro/views/ventas/detalle_ventas.html: 0
[2016-09-15 18:31:21] EDIT adminwebpro/views/ventas/detalle_ventas.html: -2
[2016-09-15 18:31:43] EDIT adminwebpro/views/ventas/detalle_ventas.html: 0
[2016-09-15 18:38:06] EDIT adminwebpro/views/ventas/vista_previa.html: -3
[2016-09-15 18:43:33] EDIT adminwebpro/views/ventas/vista_previa.html: 3
[2016-09-15 18:51:38] EDIT adminwebpro/views/ventas/vista_previa.html: 1
[2016-09-15 18:55:17] EDIT adminwebpro/views/ventas/vista_previa.html: 0
[2016-09-15 18:56:09] EDIT adminwebpro/views/ventas/vista_previa.html: 0
[2016-09-15 18:57:23] EDIT adminwebpro/views/ventas/vista_previa.html: 0
[2016-09-15 19:00:04] EDIT adminwebpro/views/ventas/vista_previa.html: 1
[2016-09-15 19:01:43] EDIT adminwebpro/views/ventas/vista_previa.html: 1
[2016-09-15 19:05:44] EDIT adminwebpro/views/ventas/vista_previa.html: -2
[2016-09-15 19:11:17] EDIT adminwebpro/views/ventas/vista_previa.html: -6
[2016-09-15 19:13:55] EDIT adminwebpro/views/ventas/vista_previa.html: 6
[2016-09-15 19:19:17] EDIT adminwebpro/views/ventas/vista_previa.html: 12
[2016-09-15 19:21:23] EDIT adminwebpro/views/ventas/vista_previa.html: 0
[2016-09-15 19:23:48] EDIT adminwebpro/views/ventas/vista_previa.html: 4
[2016-09-15 19:28:36] EDIT adminwebpro/views/ventas/vista_previa.html: 1
[2016-09-15 19:28:58] EDIT adminwebpro/views/ventas/vista_previa.html: 0
[2016-09-15 19:29:22] EDIT adminwebpro/views/ventas/vista_previa.html: 0
[2016-09-15 19:39:41] EDIT adminwebpro/views/ventas/vista_previa.html: 8
[2016-09-15 19:41:42] EDIT adminwebpro/views/ventas/vista_previa.html: -41
[2016-09-15 19:47:41] EDIT adminwebpro/views/ventas/vista_previa.html: 5
[2016-09-15 19:49:10] EDIT adminwebpro/views/ventas/vista_previa.html: 0
[2016-09-15 19:50:07] EDIT adminwebpro/views/ventas/vista_previa.html: 0
[2016-09-15 19:50:22] EDIT adminwebpro/views/ventas/vista_previa.html: 0
[2016-09-15 19:56:42] EDIT adminwebpro/views/ventas/vista_previa.html: -2
[2016-09-15 19:57:02] EDIT adminwebpro/views/ventas/vista_previa.html: 0
[2016-09-15 19:59:00] EDIT adminwebpro/views/ventas/vista_previa.html: -2
[2016-09-15 19:59:15] EDIT adminwebpro/views/ventas/vista_previa.html: 0
[2016-09-15 19:59:52] EDIT adminwebpro/views/ventas/vista_previa.html: 2
[2016-09-15 20:00:46] EDIT adminwebpro/views/ventas/vista_previa.html: 0
[2016-09-15 20:01:18] EDIT adminwebpro/views/ventas/vista_previa.html: 0
[2016-09-17 15:43:58] EDIT adminwebpro/models/db_app.py: -1
[2016-09-17 15:45:22] EDIT adminwebpro/models/menu.py: -1
[2016-09-17 15:53:00] EDIT adminwebpro/views/ventas/detalle_ventas.html: 0
[2016-09-17 16:06:40] EDIT adminwebpro/views/ventas/abm_ventas.html: 2
[2016-09-17 16:08:04] EDIT adminwebpro/views/ventas/abm_ventas.html: 0
[2016-09-17 16:12:42] EDIT adminwebpro/views/ventas/abm_ventas.html: 4
[2016-09-17 16:13:19] EDIT adminwebpro/views/ventas/abm_ventas.html: 0
[2016-09-17 16:13:47] EDIT adminwebpro/views/ventas/abm_ventas.html: 0
[2016-09-17 16:14:46] EDIT adminwebpro/views/ventas/abm_ventas.html: 0
[2016-09-17 16:15:02] EDIT adminwebpro/views/ventas/abm_ventas.html: 0
[2016-09-17 16:15:38] EDIT adminwebpro/views/ventas/abm_ventas.html: 0
[2016-09-17 16:16:12] EDIT adminwebpro/views/ventas/abm_ventas.html: 0
[2016-09-17 16:25:06] EDIT adminwebpro/views/ventas/abm_ventas.html: 0
[2016-09-17 16:26:04] EDIT adminwebpro/views/ventas/abm_ventas.html: 0
[2016-09-17 16:31:12] EDIT adminwebpro/views/ventas/detalle_ventas.html: 1
[2016-09-17 16:36:26] EDIT adminwebpro/views/ventas/detalle_ventas.html: 1
[2016-09-17 16:37:38] EDIT adminwebpro/views/ventas/detalle_ventas.html: 0
[2016-09-17 16:39:47] EDIT adminwebpro/views/ventas/detalle_ventas.html: 0
[2016-09-17 16:40:35] EDIT adminwebpro/views/ventas/detalle_ventas.html: 0
[2016-09-17 16:47:05] EDIT adminwebpro/views/ventas/detalle_ventas.html: 2
[2016-09-17 16:48:17] EDIT adminwebpro/views/ventas/detalle_ventas.html: 0
[2016-09-17 17:35:37] EDIT adminwebpro/views/ventas/lista_ventas.html: 1
[2016-09-17 17:37:11] EDIT adminwebpro/views/ventas/lista_ventas.html: 3
[2016-09-17 17:42:22] EDIT adminwebpro/views/ventas/lista_ventas.html: 3
[2016-09-17 17:42:29] EDIT adminwebpro/views/ventas/lista_ventas.html: 0
[2016-09-17 17:44:21] EDIT adminwebpro/views/ventas/lista_ventas.html: 0
[2016-09-17 17:48:56] EDIT adminwebpro/controllers/ventas.py: 2
[2016-09-17 17:50:41] CREATE ventas/guardado.html: 0
[2016-09-17 17:55:04] EDIT adminwebpro/views/ventas/guardado.html: 3
[2016-09-17 17:56:40] EDIT adminwebpro/views/ventas/guardado.html: 0
[2016-09-17 18:00:34] EDIT adminwebpro/views/ventas/detalle_ventas.html: 0
[2016-09-17 18:06:18] EDIT adminwebpro/views/ventas/guardado.html: 0
[2016-09-17 18:07:28] EDIT adminwebpro/views/ventas/guardado.html: 0
[2016-09-17 18:10:40] EDIT adminwebpro/views/ventas/guardado.html: 0
[2016-09-17 18:11:34] EDIT adminwebpro/views/ventas/guardado.html: 0
[2016-09-17 18:12:08] EDIT adminwebpro/views/ventas/guardado.html: 0
[2016-09-17 18:16:06] EDIT adminwebpro/views/ventas/guardado.html: 0
[2016-09-17 18:18:32] EDIT adminwebpro/views/ventas/guardado.html: 2
[2016-09-17 18:19:02] EDIT adminwebpro/views/ventas/guardado.html: 0
[2016-09-17 18:19:43] EDIT adminwebpro/views/ventas/guardado.html: 0
[2016-09-17 18:21:20] EDIT adminwebpro/views/ventas/guardado.html: 0
[2016-09-17 18:23:59] EDIT adminwebpro/views/ventas/detalle_ventas.html: 1
[2016-09-17 18:24:42] EDIT adminwebpro/views/ventas/detalle_ventas.html: -1
[2016-09-17 18:28:05] EDIT adminwebpro/views/ventas/vista_previa.html: 4
[2016-09-17 18:28:27] EDIT adminwebpro/views/ventas/vista_previa.html: 0
[2016-09-17 18:29:54] EDIT adminwebpro/views/ventas/vista_previa.html: 0
[2016-09-18 20:12:40] EDIT adminwebpro/controllers/ventas.py: 3
[2016-09-18 20:13:09] CREATE ventas/confirmar.html: 0
[2016-09-18 20:14:12] EDIT adminwebpro/views/ventas/detalle_ventas.html: 0
[2016-09-18 20:17:51] EDIT adminwebpro/views/ventas/confirmar.html: 8
[2016-09-18 20:18:08] EDIT adminwebpro/views/ventas/confirmar.html: 0
[2016-09-18 20:19:11] EDIT adminwebpro/views/ventas/confirmar.html: 0
[2016-09-18 20:19:55] EDIT adminwebpro/views/ventas/confirmar.html: 1
[2016-09-18 20:20:41] EDIT adminwebpro/views/ventas/confirmar.html: 1
[2016-09-18 20:21:25] EDIT adminwebpro/views/ventas/confirmar.html: -1
[2016-09-18 20:21:47] EDIT adminwebpro/views/ventas/confirmar.html: 0
[2016-09-18 20:21:57] EDIT adminwebpro/views/ventas/confirmar.html: 0
[2016-09-18 20:22:14] EDIT adminwebpro/views/ventas/confirmar.html: 0
[2016-09-18 20:26:16] EDIT adminwebpro/views/ventas/confirmar.html: 2
[2016-09-18 20:26:30] EDIT adminwebpro/views/ventas/confirmar.html: 0
[2016-09-18 20:32:03] EDIT adminwebpro/views/ventas/confirmar.html: 16
[2016-09-18 20:36:27] EDIT adminwebpro/views/ventas/confirmar.html: -3
[2016-09-18 20:37:05] EDIT adminwebpro/views/ventas/confirmar.html: 0
[2016-09-18 20:38:16] EDIT adminwebpro/views/ventas/confirmar.html: -15
[2016-09-18 20:39:07] EDIT adminwebpro/views/ventas/guardado.html: 1
[2016-09-18 20:39:20] EDIT adminwebpro/views/ventas/guardado.html: 0
[2016-09-18 20:40:11] EDIT adminwebpro/views/ventas/guardado.html: 1
[2016-09-18 20:41:56] EDIT adminwebpro/views/ventas/guardado.html: 6
[2016-09-18 20:42:31] EDIT adminwebpro/views/ventas/guardado.html: 4
[2016-09-18 20:42:34] EDIT adminwebpro/views/ventas/guardado.html: 0
[2016-09-18 20:43:15] EDIT adminwebpro/views/ventas/guardado.html: 0
[2016-09-18 20:44:18] EDIT adminwebpro/views/ventas/guardado.html: -10
[2016-09-18 20:44:35] EDIT adminwebpro/views/ventas/guardado.html: 0
[2016-09-18 20:45:07] EDIT adminwebpro/views/ventas/guardado.html: 0
[2016-09-18 20:55:07] EDIT adminwebpro/views/ventas/vista_previa.html: -20
[2016-09-18 20:55:27] EDIT adminwebpro/views/ventas/vista_previa.html: 0
[2016-09-18 20:57:12] EDIT adminwebpro/views/ventas/vista_previa.html: 0
[2016-09-18 20:58:29] EDIT adminwebpro/views/ventas/vista_previa.html: 0
[2016-09-18 21:04:50] EDIT adminwebpro/views/ventas/vista_previa.html: 1
[2016-09-18 21:07:13] EDIT adminwebpro/views/ventas/vista_previa.html: 6
